[Mon Sep 16 13:28:03 2024] DHCP Server starting...
[Mon Sep 16 13:28:03 2024] Starting DHCP server...
[Mon Sep 16 13:28:03 2024] Waiting for DHCP packet...
[Mon Sep 16 13:28:34 2024] Received DHCP packet from 127.0.0.1
[Mon Sep 16 13:28:34 2024] DHCP message type: 1
[Mon Sep 16 13:28:34 2024] Handling DHCP Discover from 127.0.0.1
[Mon Sep 16 13:28:34 2024] Waiting for DHCP packet...
[Thu Oct  3 18:43:01 2024] DHCP Server starting...
[Thu Oct  3 18:43:01 2024] Starting DHCP server...
[Thu Oct  3 18:43:01 2024] Waiting for DHCP packet...
[Mon Oct  7 17:50:28 2024] DHCP Server starting...
[Mon Oct  7 17:50:28 2024] Starting DHCP server...
[Mon Oct  7 17:51:28 2024] DHCP Server shutting down...
[Tue Oct 15 10:21:33 2024] DHCP Server starting...
[Tue Oct 15 10:21:33 2024] Starting DHCP server...
[Tue Oct 15 10:22:49 2024] DHCP Server starting...
[Tue Oct 15 10:22:49 2024] Starting DHCP server...
[Tue Oct 15 10:23:06 2024] DHCP Server starting...
[Tue Oct 15 10:23:06 2024] Starting DHCP server...
[Tue Oct 15 11:36:40 2024] DHCP Server starting...
[Tue Oct 15 11:36:40 2024] Starting DHCP server...
[Tue Oct 15 11:37:06 2024] DHCP Server starting...
[Tue Oct 15 11:37:06 2024] Starting DHCP server...
[Tue Oct 15 11:38:06 2024] DHCP Server shutting down...
[Tue Oct 15 11:38:07 2024] DHCP Server starting...
[Tue Oct 15 11:38:07 2024] Starting DHCP server...
[Tue Oct 15 11:38:23 2024] DHCP Server starting...
[Tue Oct 15 11:38:23 2024] Starting DHCP server...
[Tue Oct 15 11:43:23 2024] DHCP Server shutting down...
[Tue Oct 15 15:46:00 2024] DHCP Server starting...
[Tue Oct 15 15:46:00 2024] Starting DHCP server...
[Tue Oct 15 15:46:00 2024] Waiting for DHCP packet...
[Tue Oct 15 15:48:21 2024] DHCP Server starting...
[Tue Oct 15 15:48:21 2024] Starting DHCP server...
[Tue Oct 15 15:48:21 2024] Waiting for DHCP packet...
